<?xml version="1.0" encoding="UTF-8"?>
<!-- Generated by org.testng.reporters.JUnitReportReporter -->
<testsuite skipped="0" hostname="Bernhardt" name="testCases.CheckoutGreenTea" tests="1" failures="0" timestamp="12 Jan 2018 03:16:17 GMT" time="14.391" errors="0">
  <testcase name="doCheckoutGreenTea" time="14.391" classname="testCases.CheckoutGreenTea"/>
</testsuite> <!-- testCases.CheckoutGreenTea -->
