<?xml version="1.0" encoding="UTF-8"?>
<!-- Generated by org.testng.reporters.JUnitReportReporter -->
<testsuite skipped="0" hostname="Bernhardt" name="testCases.CheckoutGreenTeaTest" tests="1" failures="0" timestamp="12 Jan 2018 14:37:08 GMT" time="17.766" errors="0">
  <testcase name="doCheckoutGreenTea" time="17.766" classname="testCases.CheckoutGreenTeaTest"/>
</testsuite> <!-- testCases.CheckoutGreenTeaTest -->
