<?xml version="1.0" encoding="UTF-8"?>
<!-- Generated by org.testng.reporters.JUnitReportReporter -->
<testsuite skipped="0" hostname="Bernhardt" name="testCases.AppTest" tests="1" failures="0" timestamp="17 Jan 2018 01:16:23 GMT" time="7.906" errors="0">
  <testcase name="testComplexResponse" time="7.906" classname="testCases.AppTest"/>
</testsuite> <!-- testCases.AppTest -->
